# JRE version: OpenJDK Runtime Environment (8.0_242-b01) (build 1.8.0_242-release-1644-b01)
# Java VM: OpenJDK 64-Bit Server VM (25.242-b01 mixed mode windows-amd64 compressed oops)
Heap:
 PSYoungGen      total 601600K, used 186012K [0x00000000d5580000, 0x00000000fda80000, 0x0000000100000000)
  eden space 550912K, 32% used [0x00000000d5580000,0x00000000e06b7130,0x00000000f6f80000)
  from space 50688K, 8% used [0x00000000fa900000,0x00000000fad70000,0x00000000fda80000)
  to   space 54784K, 0% used [0x00000000f6f80000,0x00000000f6f80000,0x00000000fa500000)
 ParOldGen       total 468480K, used 82008K [0x0000000080000000, 0x000000009c980000, 0x00000000d5580000)
  object space 468480K, 17% used [0x0000000080000000,0x00000000850162e0,0x000000009c980000)
 Metaspace       used 90663K, capacity 94656K, committed 99112K, reserved 1134592K
  class space    used 12034K, capacity 12803K, committed 13744K, reserved 1048576K
GC Heap History (10 events):
Event: 30.427 GC heap before
{Heap before GC invocations=14 (full 3):
 PSYoungGen      total 373248K, used 373238K [0x00000000d5580000, 0x00000000f3380000, 0x0000000100000000)
  eden space 342528K, 100% used [0x00000000d5580000,0x00000000ea400000,0x00000000ea400000)
  from space 30720K, 99% used [0x00000000ecd80000,0x00000000eeb7da90,0x00000000eeb80000)
  to   space 42496K, 0% used [0x00000000ea400000,0x00000000ea400000,0x00000000ecd80000)
 ParOldGen       total 332800K, used 53959K [0x0000000080000000, 0x0000000094500000, 0x00000000d5580000)
  object space 332800K, 16% used [0x0000000080000000,0x00000000834b1dc0,0x0000000094500000)
 Metaspace       used 91265K, capacity 97904K, committed 98216K, reserved 1134592K
  class space    used 12520K, capacity 13651K, committed 13744K, reserved 1048576K
Event: 30.477 GC heap after
Heap after GC invocations=14 (full 3):
 PSYoungGen      total 385024K, used 42481K [0x00000000d5580000, 0x00000000f5580000, 0x0000000100000000)
  eden space 342528K, 0% used [0x00000000d5580000,0x00000000d5580000,0x00000000ea400000)
  from space 42496K, 99% used [0x00000000ea400000,0x00000000ecd7c518,0x00000000ecd80000)
  to   space 50688K, 0% used [0x00000000f2400000,0x00000000f2400000,0x00000000f5580000)
 ParOldGen       total 332800K, used 59369K [0x0000000080000000, 0x0000000094500000, 0x00000000d5580000)
  object space 332800K, 17% used [0x0000000080000000,0x00000000839fa610,0x0000000094500000)
 Metaspace       used 91265K, capacity 97904K, committed 98216K, reserved 1134592K
  class space    used 12520K, capacity 13651K, committed 13744K, reserved 1048576K
}
Event: 31.131 GC heap before
{Heap before GC invocations=15 (full 3):
 PSYoungGen      total 385024K, used 385009K [0x00000000d5580000, 0x00000000f5580000, 0x0000000100000000)
  eden space 342528K, 100% used [0x00000000d5580000,0x00000000ea400000,0x00000000ea400000)
  from space 42496K, 99% used [0x00000000ea400000,0x00000000ecd7c518,0x00000000ecd80000)
  to   space 50688K, 0% used [0x00000000f2400000,0x00000000f2400000,0x00000000f5580000)
 ParOldGen       total 332800K, used 59369K [0x0000000080000000, 0x0000000094500000, 0x00000000d5580000)
  object space 332800K, 17% used [0x0000000080000000,0x00000000839fa610,0x0000000094500000)
 Metaspace       used 91477K, capacity 98110K, committed 98216K, reserved 1134592K
  class space    used 12521K, capacity 13652K, committed 13744K, reserved 1048576K
Event: 31.170 GC heap after
Heap after GC invocations=15 (full 3):
 PSYoungGen      total 472576K, used 33453K [0x00000000d5580000, 0x00000000f6880000, 0x0000000100000000)
  eden space 421888K, 0% used [0x00000000d5580000,0x00000000d5580000,0x00000000ef180000)
  from space 50688K, 65% used [0x00000000f2400000,0x00000000f44ab4d8,0x00000000f5580000)
  to   space 51712K, 0% used [0x00000000ef180000,0x00000000ef180000,0x00000000f2400000)
 ParOldGen       total 332800K, used 70287K [0x0000000080000000, 0x0000000094500000, 0x00000000d5580000)
  object space 332800K, 21% used [0x0000000080000000,0x00000000844a3ec8,0x0000000094500000)
 Metaspace       used 91477K, capacity 98110K, committed 98216K, reserved 1134592K
  class space    used 12521K, capacity 13652K, committed 13744K, reserved 1048576K
}
Event: 31.868 GC heap before
{Heap before GC invocations=16 (full 3):
 PSYoungGen      total 472576K, used 366381K [0x00000000d5580000, 0x00000000f6880000, 0x0000000100000000)
  eden space 421888K, 78% used [0x00000000d5580000,0x00000000e9aa0040,0x00000000ef180000)
  from space 50688K, 65% used [0x00000000f2400000,0x00000000f44ab4d8,0x00000000f5580000)
  to   space 51712K, 0% used [0x00000000ef180000,0x00000000ef180000,0x00000000f2400000)
 ParOldGen       total 332800K, used 70287K [0x0000000080000000, 0x0000000094500000, 0x00000000d5580000)
  object space 332800K, 21% used [0x0000000080000000,0x00000000844a3ec8,0x0000000094500000)
 Metaspace       used 91845K, capacity 98488K, committed 98600K, reserved 1134592K
  class space    used 12538K, capacity 13661K, committed 13744K, reserved 1048576K
Event: 31.913 GC heap after
Heap after GC invocations=16 (full 3):
 PSYoungGen      total 473600K, used 37116K [0x00000000d5580000, 0x00000000fdd80000, 0x0000000100000000)
  eden space 421888K, 0% used [0x00000000d5580000,0x00000000d5580000,0x00000000ef180000)
  from space 51712K, 71% used [0x00000000ef180000,0x00000000f15bf220,0x00000000f2400000)
  to   space 53760K, 0% used [0x00000000fa900000,0x00000000fa900000,0x00000000fdd80000)
 ParOldGen       total 332800K, used 70287K [0x0000000080000000, 0x0000000094500000, 0x00000000d5580000)
  object space 332800K, 21% used [0x0000000080000000,0x00000000844a3ec8,0x0000000094500000)
 Metaspace       used 91845K, capacity 98488K, committed 98600K, reserved 1134592K
  class space    used 12538K, capacity 13661K, committed 13744K, reserved 1048576K
}
Event: 31.913 GC heap before
{Heap before GC invocations=17 (full 4):
 PSYoungGen      total 473600K, used 37116K [0x00000000d5580000, 0x00000000fdd80000, 0x0000000100000000)
  eden space 421888K, 0% used [0x00000000d5580000,0x00000000d5580000,0x00000000ef180000)
  from space 51712K, 71% used [0x00000000ef180000,0x00000000f15bf220,0x00000000f2400000)
  to   space 53760K, 0% used [0x00000000fa900000,0x00000000fa900000,0x00000000fdd80000)
 ParOldGen       total 332800K, used 70287K [0x0000000080000000, 0x0000000094500000, 0x00000000d5580000)
  object space 332800K, 21% used [0x0000000080000000,0x00000000844a3ec8,0x0000000094500000)
 Metaspace       used 91845K, capacity 98488K, committed 98600K, reserved 1134592K
  class space    used 12538K, capacity 13661K, committed 13744K, reserved 1048576K
Event: 32.254 GC heap after
Heap after GC invocations=17 (full 4):
 PSYoungGen      total 473600K, used 0K [0x00000000d5580000, 0x00000000fdd80000, 0x0000000100000000)
  eden space 421888K, 0% used [0x00000000d5580000,0x00000000d5580000,0x00000000ef180000)
  from space 51712K, 0% used [0x00000000ef180000,0x00000000ef180000,0x00000000f2400000)
  to   space 53760K, 0% used [0x00000000fa900000,0x00000000fa900000,0x00000000fdd80000)
 ParOldGen       total 468480K, used 82008K [0x0000000080000000, 0x000000009c980000, 0x00000000d5580000)
  object space 468480K, 17% used [0x0000000080000000,0x00000000850162e0,0x000000009c980000)
 Metaspace       used 90321K, capacity 94192K, committed 98600K, reserved 1134592K
  class space    used 12029K, capacity 12769K, committed 13744K, reserved 1048576K
}
Event: 33.045 GC heap before
{Heap before GC invocations=18 (full 4):
 PSYoungGen      total 473600K, used 421888K [0x00000000d5580000, 0x00000000fdd80000, 0x0000000100000000)
  eden space 421888K, 100% used [0x00000000d5580000,0x00000000ef180000,0x00000000ef180000)
  from space 51712K, 0% used [0x00000000ef180000,0x00000000ef180000,0x00000000f2400000)
  to   space 53760K, 0% used [0x00000000fa900000,0x00000000fa900000,0x00000000fdd80000)
 ParOldGen       total 468480K, used 82008K [0x0000000080000000, 0x000000009c980000, 0x00000000d5580000)
  object space 468480K, 17% used [0x0000000080000000,0x00000000850162e0,0x000000009c980000)
 Metaspace       used 90599K, capacity 94572K, committed 99112K, reserved 1134592K
  class space    used 12034K, capacity 12803K, committed 13744K, reserved 1048576K
Event: 33.056 GC heap after
Heap after GC invocations=18 (full 4):
 PSYoungGen      total 601600K, used 4544K [0x00000000d5580000, 0x00000000fda80000, 0x0000000100000000)
  eden space 550912K, 0% used [0x00000000d5580000,0x00000000d5580000,0x00000000f6f80000)
  from space 50688K, 8% used [0x00000000fa900000,0x00000000fad70000,0x00000000fda80000)
  to   space 54784K, 0% used [0x00000000f6f80000,0x00000000f6f80000,0x00000000fa500000)
 ParOldGen       total 468480K, used 82008K [0x0000000080000000, 0x000000009c980000, 0x00000000d5580000)
  object space 468480K, 17% used [0x0000000080000000,0x00000000850162e0,0x000000009c980000)
 Metaspace       used 90599K, capacity 94572K, committed 99112K, reserved 1134592K
  class space    used 12034K, capacity 12803K, committed 13744K, reserved 1048576K
}

