# JRE version: OpenJDK Runtime Environment (8.0_242-b01) (build 1.8.0_242-release-1644-b01)
# Java VM: OpenJDK 64-Bit Server VM (25.242-b01 mixed mode windows-amd64 compressed oops)
Heap:
 PSYoungGen      total 647680K, used 324434K [0x00000000d5580000, 0x00000000ffe80000, 0x0000000100000000)
  eden space 600576K, 54% used [0x00000000d5580000,0x00000000e9254930,0x00000000fa000000)
  from space 47104K, 0% used [0x00000000fa000000,0x00000000fa000000,0x00000000fce00000)
  to   space 46592K, 0% used [0x00000000fd100000,0x00000000fd100000,0x00000000ffe80000)
 ParOldGen       total 466432K, used 65821K [0x0000000080000000, 0x000000009c780000, 0x00000000d5580000)
  object space 466432K, 14% used [0x0000000080000000,0x0000000084047550,0x000000009c780000)
 Metaspace       used 93084K, capacity 97508K, committed 100888K, reserved 1136640K
  class space    used 11997K, capacity 12832K, committed 13608K, reserved 1048576K
GC Heap History (10 events):
Event: 466.224 GC heap before
{Heap before GC invocations=17 (full 3):
 PSYoungGen      total 485376K, used 455962K [0x00000000d5580000, 0x00000000fd400000, 0x0000000100000000)
  eden space 432640K, 100% used [0x00000000d5580000,0x00000000efc00000,0x00000000efc00000)
  from space 52736K, 44% used [0x00000000efc00000,0x00000000f12c6a68,0x00000000f2f80000)
  to   space 50176K, 0% used [0x00000000fa300000,0x00000000fa300000,0x00000000fd400000)
 ParOldGen       total 333824K, used 103021K [0x0000000080000000, 0x0000000094600000, 0x00000000d5580000)
  object space 333824K, 30% used [0x0000000080000000,0x000000008649b6f0,0x0000000094600000)
 Metaspace       used 87590K, capacity 93950K, committed 94232K, reserved 1130496K
  class space    used 11649K, capacity 12775K, committed 12840K, reserved 1048576K
Event: 466.254 GC heap after
Heap after GC invocations=17 (full 3):
 PSYoungGen      total 605184K, used 27366K [0x00000000d5580000, 0x00000000fdf80000, 0x0000000100000000)
  eden space 555008K, 0% used [0x00000000d5580000,0x00000000d5580000,0x00000000f7380000)
  from space 50176K, 54% used [0x00000000fa300000,0x00000000fbdb9be8,0x00000000fd400000)
  to   space 48640K, 0% used [0x00000000f7380000,0x00000000f7380000,0x00000000fa300000)
 ParOldGen       total 333824K, used 103029K [0x0000000080000000, 0x0000000094600000, 0x00000000d5580000)
  object space 333824K, 30% used [0x0000000080000000,0x000000008649d6f0,0x0000000094600000)
 Metaspace       used 87590K, capacity 93950K, committed 94232K, reserved 1130496K
  class space    used 11649K, capacity 12775K, committed 12840K, reserved 1048576K
}
Event: 466.822 GC heap before
{Heap before GC invocations=18 (full 3):
 PSYoungGen      total 605184K, used 582374K [0x00000000d5580000, 0x00000000fdf80000, 0x0000000100000000)
  eden space 555008K, 100% used [0x00000000d5580000,0x00000000f7380000,0x00000000f7380000)
  from space 50176K, 54% used [0x00000000fa300000,0x00000000fbdb9be8,0x00000000fd400000)
  to   space 48640K, 0% used [0x00000000f7380000,0x00000000f7380000,0x00000000fa300000)
 ParOldGen       total 333824K, used 103029K [0x0000000080000000, 0x0000000094600000, 0x00000000d5580000)
  object space 333824K, 30% used [0x0000000080000000,0x000000008649d6f0,0x0000000094600000)
 Metaspace       used 87708K, capacity 94032K, committed 94232K, reserved 1130496K
  class space    used 11651K, capacity 12776K, committed 12840K, reserved 1048576K
Event: 466.849 GC heap after
Heap after GC invocations=18 (full 3):
 PSYoungGen      total 603648K, used 16780K [0x00000000d5580000, 0x00000000ffc80000, 0x0000000100000000)
  eden space 555008K, 0% used [0x00000000d5580000,0x00000000d5580000,0x00000000f7380000)
  from space 48640K, 34% used [0x00000000f7380000,0x00000000f83e3240,0x00000000fa300000)
  to   space 47616K, 0% used [0x00000000fce00000,0x00000000fce00000,0x00000000ffc80000)
 ParOldGen       total 333824K, used 118320K [0x0000000080000000, 0x0000000094600000, 0x00000000d5580000)
  object space 333824K, 35% used [0x0000000080000000,0x000000008738c0e0,0x0000000094600000)
 Metaspace       used 87708K, capacity 94032K, committed 94232K, reserved 1130496K
  class space    used 11651K, capacity 12776K, committed 12840K, reserved 1048576K
}
Event: 467.569 GC heap before
{Heap before GC invocations=19 (full 3):
 PSYoungGen      total 603648K, used 571788K [0x00000000d5580000, 0x00000000ffc80000, 0x0000000100000000)
  eden space 555008K, 100% used [0x00000000d5580000,0x00000000f7380000,0x00000000f7380000)
  from space 48640K, 34% used [0x00000000f7380000,0x00000000f83e3240,0x00000000fa300000)
  to   space 47616K, 0% used [0x00000000fce00000,0x00000000fce00000,0x00000000ffc80000)
 ParOldGen       total 333824K, used 118320K [0x0000000080000000, 0x0000000094600000, 0x00000000d5580000)
  object space 333824K, 35% used [0x0000000080000000,0x000000008738c0e0,0x0000000094600000)
 Metaspace       used 87965K, capacity 94244K, committed 94488K, reserved 1130496K
  class space    used 11651K, capacity 12776K, committed 12840K, reserved 1048576K
Event: 467.584 GC heap after
Heap after GC invocations=19 (full 3):
 PSYoungGen      total 648192K, used 12634K [0x00000000d5580000, 0x00000000ffe00000, 0x0000000100000000)
  eden space 600576K, 0% used [0x00000000d5580000,0x00000000d5580000,0x00000000fa000000)
  from space 47616K, 26% used [0x00000000fce00000,0x00000000fda56808,0x00000000ffc80000)
  to   space 47104K, 0% used [0x00000000fa000000,0x00000000fa000000,0x00000000fce00000)
 ParOldGen       total 333824K, used 125183K [0x0000000080000000, 0x0000000094600000, 0x00000000d5580000)
  object space 333824K, 37% used [0x0000000080000000,0x0000000087a3fd38,0x0000000094600000)
 Metaspace       used 87965K, capacity 94244K, committed 94488K, reserved 1130496K
  class space    used 11651K, capacity 12776K, committed 12840K, reserved 1048576K
}
Event: 469.958 GC heap before
{Heap before GC invocations=20 (full 3):
 PSYoungGen      total 648192K, used 477199K [0x00000000d5580000, 0x00000000ffe00000, 0x0000000100000000)
  eden space 600576K, 77% used [0x00000000d5580000,0x00000000f1b2d6d8,0x00000000fa000000)
  from space 47616K, 26% used [0x00000000fce00000,0x00000000fda56808,0x00000000ffc80000)
  to   space 47104K, 0% used [0x00000000fa000000,0x00000000fa000000,0x00000000fce00000)
 ParOldGen       total 333824K, used 125183K [0x0000000080000000, 0x0000000094600000, 0x00000000d5580000)
  object space 333824K, 37% used [0x0000000080000000,0x0000000087a3fd38,0x0000000094600000)
 Metaspace       used 92177K, capacity 98568K, committed 98584K, reserved 1134592K
  class space    used 12199K, capacity 13346K, committed 13352K, reserved 1048576K
Event: 469.968 GC heap after
Heap after GC invocations=20 (full 3):
 PSYoungGen      total 647680K, used 10545K [0x00000000d5580000, 0x00000000ffe80000, 0x0000000100000000)
  eden space 600576K, 0% used [0x00000000d5580000,0x00000000d5580000,0x00000000fa000000)
  from space 47104K, 22% used [0x00000000fa000000,0x00000000faa4c7b0,0x00000000fce00000)
  to   space 46592K, 0% used [0x00000000fd100000,0x00000000fd100000,0x00000000ffe80000)
 ParOldGen       total 333824K, used 127587K [0x0000000080000000, 0x0000000094600000, 0x00000000d5580000)
  object space 333824K, 38% used [0x0000000080000000,0x0000000087c98d48,0x0000000094600000)
 Metaspace       used 92177K, capacity 98568K, committed 98584K, reserved 1134592K
  class space    used 12199K, capacity 13346K, committed 13352K, reserved 1048576K
}
Event: 469.968 GC heap before
{Heap before GC invocations=21 (full 4):
 PSYoungGen      total 647680K, used 10545K [0x00000000d5580000, 0x00000000ffe80000, 0x0000000100000000)
  eden space 600576K, 0% used [0x00000000d5580000,0x00000000d5580000,0x00000000fa000000)
  from space 47104K, 22% used [0x00000000fa000000,0x00000000faa4c7b0,0x00000000fce00000)
  to   space 46592K, 0% used [0x00000000fd100000,0x00000000fd100000,0x00000000ffe80000)
 ParOldGen       total 333824K, used 127587K [0x0000000080000000, 0x0000000094600000, 0x00000000d5580000)
  object space 333824K, 38% used [0x0000000080000000,0x0000000087c98d48,0x0000000094600000)
 Metaspace       used 92177K, capacity 98568K, committed 98584K, reserved 1134592K
  class space    used 12199K, capacity 13346K, committed 13352K, reserved 1048576K
Event: 470.173 GC heap after
Heap after GC invocations=21 (full 4):
 PSYoungGen      total 647680K, used 0K [0x00000000d5580000, 0x00000000ffe80000, 0x0000000100000000)
  eden space 600576K, 0% used [0x00000000d5580000,0x00000000d5580000,0x00000000fa000000)
  from space 47104K, 0% used [0x00000000fa000000,0x00000000fa000000,0x00000000fce00000)
  to   space 46592K, 0% used [0x00000000fd100000,0x00000000fd100000,0x00000000ffe80000)
 ParOldGen       total 466432K, used 65821K [0x0000000080000000, 0x000000009c780000, 0x00000000d5580000)
  object space 466432K, 14% used [0x0000000080000000,0x0000000084047550,0x000000009c780000)
 Metaspace       used 90813K, capacity 94910K, committed 98584K, reserved 1134592K
  class space    used 11739K, capacity 12535K, committed 13352K, reserved 1048576K
}

